[    0.000000] Linux version 4.15.0-106-generic (buildd@lcy01-amd64-016) (gcc version 7.5.0 (Ubuntu 7.5.0-3ubuntu1~18.04)) #107-Ubuntu SMP Thu Jun 4 11:27:52 UTC 2020 (Ubuntu 4.15.0-106.107-generic 4.15.18)
[    0.000000] Command line: BOOT_IMAGE=/boot/vmlinuz-4.15.0-106-generic root=LABEL=cloudimg-rootfs ro console=tty1 console=ttyS0
[    0.000000] KERNEL supported cpus:
[    0.000000]   Intel GenuineIntel
[    0.000000]   AMD AuthenticAMD
[    0.000000]   Centaur CentaurHauls
[    0.000000] x86/fpu: Supporting XSAVE feature 0x001: 'x87 floating point registers'
[    0.000000] x86/fpu: Supporting XSAVE feature 0x002: 'SSE registers'
[    0.000000] x86/fpu: Supporting XSAVE feature 0x004: 'AVX registers'
[    0.000000] x86/fpu: xstate_offset[2]:  576, xstate_sizes[2]:  256
[    0.000000] x86/fpu: Enabled xstate features 0x7, context size is 832 bytes, using 'standard' format.
[    0.000000] e820: BIOS-provided physical RAM map:
[    0.000000] BIOS-e820: [mem 0x0000000000000000-0x000000000009fbff] usable
[    0.000000] BIOS-e820: [mem 0x000000000009fc00-0x000000000009ffff] reserved
[    0.000000] BIOS-e820: [mem 0x00000000000f0000-0x00000000000fffff] reserved
[    0.000000] BIOS-e820: [mem 0x0000000000100000-0x000000007ffeffff] usable
[    0.000000] BIOS-e820: [mem 0x000000007fff0000-0x000000007fffffff] ACPI data
[    0.000000] BIOS-e820: [mem 0x00000000fec00000-0x00000000fec00fff] reserved
[    0.000000] BIOS-e820: [mem 0x00000000fee00000-0x00000000fee00fff] reserved
[    0.000000] BIOS-e820: [mem 0x00000000fffc0000-0x00000000ffffffff] reserved
[    0.000000] NX (Execute Disable) protection: active
[    0.000000] SMBIOS 2.5 present.
[    0.000000] DMI: innotek GmbH VirtualBox/VirtualBox, BIOS VirtualBox 12/01/2006
[    0.000000] Hypervisor detected: KVM
[    0.000000] e820: last_pfn = 0x7fff0 max_arch_pfn = 0x400000000
[    0.000000] MTRR: Disabled
[    0.000000] x86/PAT: MTRRs disabled, skipping PAT initialization too.
[    0.000000] CPU MTRRs all blank - virtualized system.
[    0.000000] x86/PAT: Configuration [0-7]: WB  WT  UC- UC  WB  WT  UC- UC  
[    0.000000] found SMP MP-table at [mem 0x0009fff0-0x0009ffff]
[    0.000000] Scanning 1 areas for low memory corruption
[    0.000000] RAMDISK: [mem 0x35a6b000-0x36d2cfff]
[    0.000000] ACPI: Early table checksum verification disabled
[    0.000000] ACPI: RSDP 0x00000000000E0000 000024 (v02 VBOX  )
[    0.000000] ACPI: XSDT 0x000000007FFF0030 00003C (v01 VBOX   VBOXXSDT 00000001 ASL  00000061)
[    0.000000] ACPI: FACP 0x000000007FFF00F0 0000F4 (v04 VBOX   VBOXFACP 00000001 ASL  00000061)
[    0.000000] ACPI: DSDT 0x000000007FFF0470 0022EA (v02 VBOX   VBOXBIOS 00000002 INTL 20100528)
[    0.000000] ACPI: FACS 0x000000007FFF0200 000040
[    0.000000] ACPI: FACS 0x000000007FFF0200 000040
[    0.000000] ACPI: APIC 0x000000007FFF0240 00005C (v02 VBOX   VBOXAPIC 00000001 ASL  00000061)
[    0.000000] ACPI: SSDT 0x000000007FFF02A0 0001CC (v01 VBOX   VBOXCPUT 00000002 INTL 20100528)
[    0.000000] No NUMA configuration found
[    0.000000] Faking a node at [mem 0x0000000000000000-0x000000007ffeffff]
[    0.000000] NODE_DATA(0) allocated [mem 0x7ffc5000-0x7ffeffff]
[    0.000000] kvm-clock: cpu 0, msr 0:7ff44001, primary cpu clock
[    0.000000] kvm-clock: Using msrs 4b564d01 and 4b564d00
[    0.000000] kvm-clock: using sched offset of 4009855834 cycles
[    0.000000] clocksource: kvm-clock: mask: 0xffffffffffffffff max_cycles: 0x1cd42e4dffb, max_idle_ns: 881590591483 ns
[    0.000000] Zone ranges:
[    0.000000]   DMA      [mem 0x0000000000001000-0x0000000000ffffff]
[    0.000000]   DMA32    [mem 0x0000000001000000-0x000000007ffeffff]
[    0.000000]   Normal   empty
[    0.000000]   Device   empty
[    0.000000] Movable zone start for each node
[    0.000000] Early memory node ranges
[    0.000000]   node   0: [mem 0x0000000000001000-0x000000000009efff]
[    0.000000]   node   0: [mem 0x0000000000100000-0x000000007ffeffff]
[    0.000000] Reserved but unavailable: 98 pages
[    0.000000] Initmem setup node 0 [mem 0x0000000000001000-0x000000007ffeffff]
[    0.000000] ACPI: PM-Timer IO Port: 0x4008
[    0.000000] IOAPIC[0]: apic_id 2, version 32, address 0xfec00000, GSI 0-23
[    0.000000] ACPI: INT_SRC_OVR (bus 0 bus_irq 0 global_irq 2 dfl dfl)
[    0.000000] ACPI: INT_SRC_OVR (bus 0 bus_irq 9 global_irq 9 low level)
[    0.000000] Using ACPI (MADT) for SMP configuration information
[    0.000000] smpboot: Allowing 2 CPUs, 0 hotplug CPUs
[    0.000000] PM: Registered nosave memory: [mem 0x00000000-0x00000fff]
[    0.000000] PM: Registered nosave memory: [mem 0x0009f000-0x0009ffff]
[    0.000000] PM: Registered nosave memory: [mem 0x000a0000-0x000effff]
[    0.000000] PM: Registered nosave memory: [mem 0x000f0000-0x000fffff]
[    0.000000] e820: [mem 0x80000000-0xfebfffff] available for PCI devices
[    0.000000] Booting paravirtualized kernel on KVM
[    0.000000] clocksource: refined-jiffies: mask: 0xffffffff max_cycles: 0xffffffff, max_idle_ns: 7645519600211568 ns
[    0.000000] random: get_random_bytes called from start_kernel+0x99/0x4fd with crng_init=0
[    0.000000] setup_percpu: NR_CPUS:8192 nr_cpumask_bits:2 nr_cpu_ids:2 nr_node_ids:1
[    0.000000] percpu: Embedded 45 pages/cpu s147456 r8192 d28672 u1048576
[    0.000000] PV qspinlock hash table entries: 256 (order: 0, 4096 bytes)
[    0.000000] Built 1 zonelists, mobility grouping on.  Total pages: 515961
[    0.000000] Policy zone: DMA32
[    0.000000] Kernel command line: BOOT_IMAGE=/boot/vmlinuz-4.15.0-106-generic root=LABEL=cloudimg-rootfs ro console=tty1 console=ttyS0
[    0.000000] Memory: 2015236K/2096696K available (12300K kernel code, 2481K rwdata, 4272K rodata, 2436K init, 2720K bss, 81460K reserved, 0K cma-reserved)
[    0.000000] SLUB: HWalign=64, Order=0-3, MinObjects=0, CPUs=2, Nodes=1
[    0.000000] Kernel/User page tables isolation: enabled
[    0.000000] ftrace: allocating 39378 entries in 154 pages
[    0.004000] Hierarchical RCU implementation.
[    0.004000] 	RCU restricting CPUs from NR_CPUS=8192 to nr_cpu_ids=2.
[    0.004000] 	Tasks RCU enabled.
[    0.004000] RCU: Adjusting geometry for rcu_fanout_leaf=16, nr_cpu_ids=2
[    0.004000] NR_IRQS: 524544, nr_irqs: 440, preallocated irqs: 16
[    0.004000] Console: colour VGA+ 80x25
[    0.004000] console [tty1] enabled
[    0.004000] console [ttyS0] enabled
[    0.004000] ACPI: Core revision 20170831
[    0.004000] ACPI: 2 ACPI AML tables successfully acquired and loaded
[    0.004000] APIC: Switch to symmetric I/O mode setup
[    0.004000] x2apic enabled
[    0.004000] Switched APIC routing to physical x2apic.
[    0.004000] ..TIMER: vector=0x30 apic1=0 pin1=2 apic2=-1 pin2=-1
[    0.004004] tsc: Detected 2394.456 MHz processor
[    0.004819] Calibrating delay loop (skipped) preset value.. 4788.91 BogoMIPS (lpj=9577824)
[    0.005458] pid_max: default: 32768 minimum: 301
[    0.006332] Security Framework initialized
[    0.008003] Yama: becoming mindful.
[    0.008697] AppArmor: AppArmor initialized
[    0.011078] Dentry cache hash table entries: 262144 (order: 9, 2097152 bytes)
[    0.013370] Inode-cache hash table entries: 131072 (order: 8, 1048576 bytes)
[    0.014659] Mount-cache hash table entries: 4096 (order: 3, 32768 bytes)
[    0.016010] Mountpoint-cache hash table entries: 4096 (order: 3, 32768 bytes)
[    0.017534] Last level iTLB entries: 4KB 64, 2MB 8, 4MB 8
[    0.018663] Last level dTLB entries: 4KB 64, 2MB 0, 4MB 0, 1GB 4
[    0.020003] Spectre V1 : Mitigation: usercopy/swapgs barriers and __user pointer sanitization
[    0.021557] Spectre V2 : Mitigation: Full generic retpoline
[    0.022549] Spectre V2 : Spectre v2 / SpectreRSB mitigation: Filling RSB on context switch
[    0.024002] Speculative Store Bypass: Vulnerable
[    0.025076] SRBDS: Unknown: Dependent on hypervisor status
[    0.026047] MDS: Vulnerable: Clear CPU buffers attempted, no microcode
[    0.027283] Freeing SMP alternatives memory: 36K
[    0.138761] smpboot: CPU0: Intel(R) Core(TM) i7-5500U CPU @ 2.40GHz (family: 0x6, model: 0x3d, stepping: 0x4)
[    0.140000] Performance Events: unsupported p6 CPU model 61 no PMU driver, software events only.
[    0.140000] Hierarchical SRCU implementation.
[    0.140660] NMI watchdog: Perf event create on CPU 0 failed with -2
[    0.141772] NMI watchdog: Perf NMI watchdog permanently disabled
[    0.142873] smp: Bringing up secondary CPUs ...
[    0.144083] x86: Booting SMP configuration:
[    0.144839] .... node  #0, CPUs:      #1
[    0.004000] kvm-clock: cpu 1, msr 0:7ff44041, secondary cpu clock
[    0.148027] smp: Brought up 1 node, 2 CPUs
[    0.148643] smpboot: Max logical packages: 1
[    0.149490] smpboot: Total of 2 processors activated (9577.82 BogoMIPS)
[    0.150795] devtmpfs: initialized
[    0.152059] x86/mm: Memory block size: 128MB
[    0.153074] evm: security.selinux
[    0.153708] evm: security.SMACK64
[    0.154375] evm: security.SMACK64EXEC
[    0.155046] evm: security.SMACK64TRANSMUTE
[    0.155789] evm: security.SMACK64MMAP
[    0.156004] evm: security.apparmor
[    0.156674] evm: security.ima
[    0.157242] evm: security.capability
[    0.157953] clocksource: jiffies: mask: 0xffffffff max_cycles: 0xffffffff, max_idle_ns: 7645041785100000 ns
[    0.160010] futex hash table entries: 512 (order: 3, 32768 bytes)
[    0.161145] pinctrl core: initialized pinctrl subsystem
[    0.162184] RTC time: 14:42:44, date: 06/19/20
[    0.163182] NET: Registered protocol family 16
[    0.164082] audit: initializing netlink subsys (disabled)
[    0.165059] audit: type=2000 audit(1592577769.444:1): state=initialized audit_enabled=0 res=1
[    0.165669] cpuidle: using governor ladder
[    0.165669] cpuidle: using governor menu
[    0.168038] ACPI: bus type PCI registered
[    0.168765] acpiphp: ACPI Hot Plug PCI Controller Driver version: 0.5
[    0.170487] PCI: Using configuration type 1 for base access
[    0.173349] HugeTLB registered 2.00 MiB page size, pre-allocated 0 pages
[    0.176089] ACPI: Added _OSI(Module Device)
[    0.176726] ACPI: Added _OSI(Processor Device)
[    0.177378] ACPI: Added _OSI(3.0 _SCP Extensions)
[    0.178075] ACPI: Added _OSI(Processor Aggregator Device)
[    0.178845] ACPI: Added _OSI(Linux-Dell-Video)
[    0.180004] ACPI: Added _OSI(Linux-Lenovo-NV-HDMI-Audio)
[    0.180772] ACPI: Added _OSI(Linux-HPI-Hybrid-Graphics)
[    0.181829] ACPI: Executed 1 blocks of module-level executable AML code
[    0.186665] ACPI: Interpreter enabled
[    0.187277] ACPI: (supports S0 S5)
[    0.188003] ACPI: Using IOAPIC for interrupt routing
[    0.189136] PCI: Using host bridge windows from ACPI; if necessary, use "pci=nocrs" and report a bug
[    0.190837] ACPI: Enabled 2 GPEs in block 00 to 07
[    0.198029] ACPI: PCI Root Bridge [PCI0] (domain 0000 [bus 00-ff])
[    0.199099] acpi PNP0A03:00: _OSC: OS supports [ASPM ClockPM Segments MSI]
[    0.200308] acpi PNP0A03:00: _OSC: not requesting OS control; OS requires [ExtendedConfig ASPM ClockPM MSI]
[    0.201735] acpi PNP0A03:00: fail to add MMCONFIG information, can't access extended PCI configuration space under this bridge.
[    0.203694] PCI host bridge to bus 0000:00
[    0.204004] pci_bus 0000:00: root bus resource [io  0x0000-0x0cf7 window]
[    0.204983] pci_bus 0000:00: root bus resource [io  0x0d00-0xffff window]
[    0.205951] pci_bus 0000:00: root bus resource [mem 0x000a0000-0x000bffff window]
[    0.207080] pci_bus 0000:00: root bus resource [mem 0x80000000-0xfdffffff window]
[    0.208004] pci_bus 0000:00: root bus resource [bus 00-ff]
[    0.212329] pci 0000:00:01.1: legacy IDE quirk: reg 0x10: [io  0x01f0-0x01f7]
[    0.213546] pci 0000:00:01.1: legacy IDE quirk: reg 0x14: [io  0x03f6]
[    0.214693] pci 0000:00:01.1: legacy IDE quirk: reg 0x18: [io  0x0170-0x0177]
[    0.216005] pci 0000:00:01.1: legacy IDE quirk: reg 0x1c: [io  0x0376]
[    0.261859] pci 0000:00:07.0: quirk: [io  0x4000-0x403f] claimed by PIIX4 ACPI
[    0.263147] pci 0000:00:07.0: quirk: [io  0x4100-0x410f] claimed by PIIX4 SMB
[    0.293562] ACPI: PCI Interrupt Link [LNKA] (IRQs 5 9 10 *11)
[    0.294808] ACPI: PCI Interrupt Link [LNKB] (IRQs 5 9 *10 11)
[    0.295755] ACPI: PCI Interrupt Link [LNKC] (IRQs 5 *9 10 11)
[    0.296123] ACPI: PCI Interrupt Link [LNKD] (IRQs 5 9 10 *11)
[    0.297394] SCSI subsystem initialized
[    0.298043] pci 0000:00:02.0: vgaarb: setting as boot VGA device
[    0.298043] pci 0000:00:02.0: vgaarb: VGA device added: decodes=io+mem,owns=io+mem,locks=none
[    0.300016] pci 0000:00:02.0: vgaarb: bridge control possible
[    0.300873] vgaarb: loaded
[    0.301364] ACPI: bus type USB registered
[    0.302055] usbcore: registered new interface driver usbfs
[    0.302855] usbcore: registered new interface driver hub
[    0.304022] usbcore: registered new device driver usb
[    0.304844] EDAC MC: Ver: 3.0.0
[    0.304844] PCI: Using ACPI for IRQ routing
[    0.304956] NetLabel: Initializing
[    0.305493] NetLabel:  domain hash size = 128
[    0.308003] NetLabel:  protocols = UNLABELED CIPSOv4 CALIPSO
[    0.308865] NetLabel:  unlabeled traffic allowed by default
[    0.309698] clocksource: Switched to clocksource kvm-clock
[    0.321825] VFS: Disk quotas dquot_6.6.0
[    0.322519] VFS: Dquot-cache hash table entries: 512 (order 0, 4096 bytes)
[    0.323649] AppArmor: AppArmor Filesystem Enabled
[    0.324394] pnp: PnP ACPI init
[    0.325882] pnp: PnP ACPI: found 3 devices
[    0.334767] clocksource: acpi_pm: mask: 0xffffff max_cycles: 0xffffff, max_idle_ns: 2085701024 ns
[    0.336130] NET: Registered protocol family 2
[    0.337000] TCP established hash table entries: 16384 (order: 5, 131072 bytes)
[    0.338085] TCP bind hash table entries: 16384 (order: 6, 262144 bytes)
[    0.339078] TCP: Hash tables configured (established 16384 bind 16384)
[    0.342799] UDP hash table entries: 1024 (order: 3, 32768 bytes)
[    0.343670] UDP-Lite hash table entries: 1024 (order: 3, 32768 bytes)
[    0.344653] NET: Registered protocol family 1
[    0.345311] pci 0000:00:00.0: Limiting direct PCI/PCI transfers
[    0.346190] pci 0000:00:01.0: Activating ISA DMA hang workarounds
[    0.347121] pci 0000:00:02.0: Video device with shadowed ROM at [mem 0x000c0000-0x000dffff]
[    0.348616] Unpacking initramfs...
[    0.661841] Freeing initrd memory: 19208K
[    0.662591] clocksource: tsc: mask: 0xffffffffffffffff max_cycles: 0x2283c236f90, max_idle_ns: 440795217409 ns
[    0.664088] platform rtc_cmos: registered platform RTC device (no PNP device found)
[    0.665429] Scanning for low memory corruption every 60 seconds
[    0.666949] Initialise system trusted keyrings
[    0.667641] Key type blacklist registered
[    0.668419] workingset: timestamp_bits=36 max_order=19 bucket_order=0
[    0.670302] zbud: loaded
[    0.671236] squashfs: version 4.0 (2009/01/31) Phillip Lougher
[    0.676146] fuse init (API version 7.26)
[    0.680420] Key type asymmetric registered
[    0.681089] Asymmetric key parser 'x509' registered
[    0.681860] Block layer SCSI generic (bsg) driver version 0.4 loaded (major 246)
[    0.682984] io scheduler noop registered
[    0.683604] io scheduler deadline registered
[    0.684554] io scheduler cfq registered (default)
[    0.685534] ACPI: AC Adapter [AC] (on-line)
[    0.686203] input: Power Button as /devices/LNXSYSTM:00/LNXPWRBN:00/input/input0
[    0.687336] ACPI: Power Button [PWRF]
[    0.687957] input: Sleep Button as /devices/LNXSYSTM:00/LNXSLPBN:00/input/input1
[    0.689087] ACPI: Sleep Button [SLPF]
[    0.690563] ACPI: Battery Slot [BAT0] (battery present)
[    0.691503] Serial: 8250/16550 driver, 32 ports, IRQ sharing enabled
[    0.713127] 00:02: ttyS0 at I/O 0x3f8 (irq = 4, base_baud = 115200) is a 16550A
[    0.719886] Linux agpgart interface v0.103
[    0.723394] loop: module loaded
[    0.725406] scsi host0: ata_piix
[    0.726465] scsi host1: ata_piix
[    0.727306] ata1: PATA max UDMA/33 cmd 0x1f0 ctl 0x3f6 bmdma 0xd000 irq 14
[    0.728907] ata2: PATA max UDMA/33 cmd 0x170 ctl 0x376 bmdma 0xd008 irq 15
[    0.730607] libphy: Fixed MDIO Bus: probed
[    0.731704] tun: Universal TUN/TAP device driver, 1.6
[    0.733311] PPP generic driver version 2.4.2
[    0.734578] ehci_hcd: USB 2.0 'Enhanced' Host Controller (EHCI) Driver
[    0.736356] ehci-pci: EHCI PCI platform driver
[    0.738052] ehci-platform: EHCI generic platform driver
[    0.739292] ohci_hcd: USB 1.1 'Open' Host Controller (OHCI) Driver
[    0.740651] ohci-pci: OHCI PCI platform driver
[    0.741621] ohci-platform: OHCI generic platform driver
[    0.743352] uhci_hcd: USB Universal Host Controller Interface driver
[    0.744706] i8042: PNP: PS/2 Controller [PNP0303:PS2K,PNP0f03:PS2M] at 0x60,0x64 irq 1,12
[    0.746967] serio: i8042 KBD port at 0x60,0x64 irq 1
[    0.748307] serio: i8042 AUX port at 0x60,0x64 irq 12
[    0.749721] mousedev: PS/2 mouse device common for all mice
[    0.752089] input: AT Translated Set 2 keyboard as /devices/platform/i8042/serio0/input/input2
[    0.754107] rtc_cmos rtc_cmos: rtc core: registered rtc_cmos as rtc0
[    0.755152] rtc_cmos rtc_cmos: alarms up to one day, 114 bytes nvram
[    0.756091] i2c /dev entries driver
[    0.756718] device-mapper: uevent: version 1.0.3
[    0.757552] device-mapper: ioctl: 4.37.0-ioctl (2017-09-20) initialised: dm-devel@redhat.com
[    0.759382] ledtrig-cpu: registered to indicate activity on CPUs
[    0.761140] NET: Registered protocol family 10
[    0.766820] Segment Routing with IPv6
[    0.767610] NET: Registered protocol family 17
[    0.768632] Key type dns_resolver registered
[    0.769733] mce: Using 0 MCE banks
[    0.770436] RAS: Correctable Errors collector initialized.
[    0.771485] sched_clock: Marking stable (769704041, 0)->(937611153, -167907112)
[    0.773549] registered taskstats version 1
[    0.774352] Loading compiled-in X.509 certificates
[    0.778208] Loaded X.509 cert 'Build time autogenerated kernel key: b1772ce3e036cbf6bf2b7e9ed9be0f8806d61091'
[    0.780101] zswap: loaded using pool lzo/zbud
[    0.785920] Key type big_key registered
[    0.786550] Key type trusted registered
[    0.788854] Key type encrypted registered
[    0.789778] AppArmor: AppArmor sha1 policy hashing enabled
[    0.790780] ima: No TPM chip found, activating TPM-bypass! (rc=-19)
[    0.791890] ima: Allocated hash algorithm: sha1
[    0.792738] evm: HMAC attrs: 0x1
[    0.793563]   Magic number: 8:596:738
[    0.794574] rtc_cmos rtc_cmos: setting system clock to 2020-06-19 14:42:44 UTC (1592577764)
[    0.796152] BIOS EDD facility v0.16 2004-Jun-25, 0 devices found
[    0.797111] EDD information not available.
[    0.894514] Freeing unused kernel image memory: 2436K
[    0.915764] Write protecting the kernel read-only data: 20480k
[    0.917628] Freeing unused kernel image memory: 2008K
[    0.919017] Freeing unused kernel image memory: 1872K
[    0.926396] x86/mm: Checked W+X mappings: passed, no W+X pages found.
[    0.927628] x86/mm: Checking user space page tables
[    0.934800] x86/mm: Checked W+X mappings: passed, no W+X pages found.
Loading, please wait...
starting version 237
[    0.995254] Fusion MPT base driver 3.04.20
[    1.007827] Copyright (c) 1999-2008 LSI Corporation
[    1.019693] Fusion MPT SPI Host driver 3.04.20
[    1.021338] e1000: Intel(R) PRO/1000 Network Driver - version 7.3.21-k8-NAPI
[    1.022767] e1000: Copyright (c) 1999-2006 Intel Corporation.
[    1.024841] mptbase: ioc0: Initiating bringup
[    1.040529] AVX2 version of gcm_enc/dec engaged.
[    1.041379] AES CTR mode by8 optimization enabled
[    1.132381] ioc0: LSI53C1030 A0: Capabilities={Initiator}
[    1.227063] input: ImExPS/2 Generic Explorer Mouse as /devices/platform/i8042/serio1/input/input4
[    1.383745] scsi host2: ioc0: LSI53C1030 A0, FwRev=00000000h, Ports=1, MaxQ=256, IRQ=20
[    1.552551] scsi 2:0:0:0: Direct-Access     VBOX     HARDDISK         1.0  PQ: 0 ANSI: 5
[    1.588235] scsi target2:0:0: Beginning Domain Validation
[    1.641642] scsi target2:0:0: Domain Validation skipping write tests
[    1.642814] scsi target2:0:0: Ending Domain Validation
[    1.648140] scsi target2:0:0: asynchronous
[    1.661946] scsi 2:0:1:0: Direct-Access     VBOX     HARDDISK         1.0  PQ: 0 ANSI: 5
[    1.800057] scsi target2:0:1: Beginning Domain Validation
[    1.803237] random: fast init done
[    1.804805] scsi target2:0:1: Domain Validation skipping write tests
[    1.807549] scsi target2:0:1: Ending Domain Validation
[    1.809749] scsi target2:0:1: asynchronous
[    1.816262] random: systemd-udevd: uninitialized urandom read (16 bytes read)
[    1.819159] random: systemd-udevd: uninitialized urandom read (16 bytes read)
[    1.820641] sd 2:0:0:0: Attached scsi generic sg0 type 0
[    1.822168] sd 2:0:0:0: [sda] 20971520 512-byte logical blocks: (10.7 GB/10.0 GiB)
[    1.823921] sd 2:0:0:0: [sda] Write Protect is off
[    1.825347] sd 2:0:0:0: [sda] Incomplete mode parameter data
[    1.826733] sd 2:0:0:0: [sda] Assuming drive cache: write through
[    1.828331] sd 2:0:1:0: Attached scsi generic sg1 type 0
[    1.829842] random: systemd-udevd: uninitialized urandom read (16 bytes read)
[    1.833136]  sda: sda1
[    1.834332] sd 2:0:0:0: [sda] Attached SCSI disk
[    1.836266] sd 2:0:1:0: [sdb] 20480 512-byte logical blocks: (10.5 MB/10.0 MiB)
[    1.838092] sd 2:0:1:0: [sdb] Write Protect is off
[    1.839451] sd 2:0:1:0: [sdb] Incomplete mode parameter data
[    1.840876] sd 2:0:1:0: [sdb] Assuming drive cache: write through
[    1.845886] sd 2:0:1:0: [sdb] Attached SCSI disk
[    1.961974] e1000 0000:00:03.0 eth0: (PCI:33MHz:32-bit) 02:08:97:ad:f6:aa
[    1.963238] e1000 0000:00:03.0 eth0: Intel(R) PRO/1000 Network Connection
[    2.336459] e1000 0000:00:08.0 eth1: (PCI:33MHz:32-bit) 08:00:27:90:dc:60
[    2.338294] e1000 0000:00:08.0 eth1: Intel(R) PRO/1000 Network Connection
[    2.342326] e1000 0000:00:03.0 enp0s3: renamed from eth0
[    2.360470] e1000 0000:00:08.0 enp0s8: renamed from eth1
Begin: Loading essential drivers ... [    3.804029] raid6: sse2x1   gen()  9314 MB/s
[    3.852013] raid6: sse2x1   xor()  6356 MB/s
[    3.900024] raid6: sse2x2   gen() 11289 MB/s
[    3.948477] raid6: sse2x2   xor()  7023 MB/s
[    3.996494] raid6: sse2x4   gen() 13087 MB/s
[    4.044015] raid6: sse2x4   xor()  7838 MB/s
[    4.092506] raid6: avx2x1   gen() 17754 MB/s
[    4.140019] raid6: avx2x1   xor() 12085 MB/s
[    4.188030] raid6: avx2x2   gen() 20520 MB/s
[    4.236531] raid6: avx2x2   xor() 12431 MB/s
[    4.284055] raid6: avx2x4   gen() 23266 MB/s
[    4.332795] raid6: avx2x4   xor()  9414 MB/s
[    4.334024] raid6: using algorithm avx2x4 gen() 23266 MB/s
[    4.335478] raid6: .... xor() 9414 MB/s, rmw enabled
[    4.336704] raid6: using avx2x2 recovery algorithm
[    4.341881] xor: automatically using best checksumming function   avx       
[    4.345202] async_tx: api initialized (async)
done.
Begin: Running /scripts/init-premount ... done.
Begin: Mounting root file system ... Begin: Running /scripts/local-top ... done.
Begin: Running /scripts/local-premount ... [    4.411278] Btrfs loaded, crc32c=crc32c-intel
Scanning for Btrfs filesystems
done.
Warning: fsck not present, so skipping root file system
[    4.451553] EXT4-fs (sda1): mounted filesystem with ordered data mode. Opts: (null)
done.
Begin: Running /scripts/local-bottom ... done.
Begin: Running /scripts/init-bottom ... done.
[    4.820047] ip_tables: (C) 2000-2006 Netfilter Core Team
[    4.843120] systemd[1]: systemd 237 running in system mode. (+PAM +AUDIT +SELINUX +IMA +APPARMOR +SMACK +SYSVINIT +UTMP +LIBCRYPTSETUP +GCRYPT +GNUTLS +ACL +XZ +LZ4 +SECCOMP +BLKID +ELFUTILS +KMOD -IDN2 +IDN -PCRE2 default-hierarchy=hybrid)
[    4.846250] systemd[1]: Detected virtualization oracle.
[    4.847023] systemd[1]: Detected architecture x86-64.

Welcome to [1mUbuntu 18.04.4 LTS[0m!

[    4.892828] systemd[1]: Set hostname to <ubuntu>.
[    4.905207] systemd[1]: Initializing machine ID from random generator.
[    4.906210] systemd[1]: Installed transient /etc/machine-id file.
[    5.320053] systemd[1]: Reached target Swap.
[[0;32m  OK  [0m] Reached target Swap.
[    5.321729] systemd[1]: Set up automount Arbitrary Executable File Formats File System Automount Point.
[[0;32m  OK  [0m] Set up automount Arbitrary Executab…rmats File System Automount Point.
[    5.324160] systemd[1]: Reached target User and Group Name Lookups.
[[0;32m  OK  [0m] Reached target User and Group Name Lookups.
[    5.336261] systemd[1]: Reached target System Time Synchronized.
[[0;32m  OK  [0m] Reached target System Time Synchronized.
[[0;32m  OK  [0m] Created slice User and Session Slice.
[[0;32m  OK  [0m] Created slice System Slice.
[[0;32m  OK  [0m] Reached target Slices.
[[0;32m  OK  [0m] Created slice system-serial\x2dgetty.slice.
[[0;32m  OK  [0m] Listening on Journal Socket (/dev/log).
[[0;32m  OK  [0m] Listening on Device-mapper event daemon FIFOs.
[[0;32m  OK  [0m] Listening on LVM2 poll daemon socket.
[[0;32m  OK  [0m] Listening on Journal Audit Socket.
[[0;32m  OK  [0m] Listening on udev Kernel Socket.
[[0;32m  OK  [0m] Listening on /dev/initctl Compatibility Named Pipe.
[[0;32m  OK  [0m] Listening on LVM2 metadata daemon socket.
[[0;32m  OK  [0m] Listening on udev Control Socket.
[[0;32m  OK  [0m] Listening on Journal Socket.
         Starting Create list of required st…ce nodes for the current kernel...
         Mounting POSIX Message Queue File System...
         Starting Load Kernel Modules...
         Starting Set the console keyboard layout...
[    5.403238] Loading iSCSI transport class v2.0-870.
         Mounting Huge Pages File System...
[    5.411156] iscsi: registered transport (tcp)
         Mounting Kernel Debug File System...
[[0;32m  OK  [0m] Listening on Syslog Socket.
         Starting udev Coldplug all Devices...
         Starting Uncomplicated firewall...
         Starting Journal Service...
         Starting Monitoring of LVM2 mirrors…ng dmeventd or progress polling...
[[0;32m  OK  [0m] Listening on Network Service Netlink Socket.
         Starting Remount Root and Kernel File Systems...
[[0;32m  OK  [0m] Started Forward Password Requests to Wall Directory Watch.
[[0;32m  OK  [0m] Started Create list of required sta…vice nodes for the current kernel.
[[0;32m  OK  [0m] Mounted POSIX Message Queue File System.
[[0;32m  OK  [0m] Mounted Huge Pages File System.
[[0;32m  OK  [0m] Mounted Kernel Debug File System.
         Starting Create Static Device Nodes in /dev...
[[0;32m  OK  [0m] Started Uncomplicated firewall.
[[0;32m  OK  [0m] Started LVM2 metadata daemon.
[    5.590057] iscsi: registered transport (iser)
[    5.592098] EXT4-fs (sda1): re-mounted. Opts: (null)
[[0;32m  OK  [0m] Started Load Kernel Modules.
[[0;32m  OK  [0m] Started Remount Root and Kernel File Systems.
         Starting Load/Save Random Seed...
         Mounting FUSE Control File System...
         Starting Apply Kernel Variables...
         Mounting Kernel Configuration File System...
[[0;32m  OK  [0m] Started Create Static Device Nodes in /dev.
[[0;32m  OK  [0m] Mounted FUSE Control File System.
[[0;32m  OK  [0m] Mounted Kernel Configuration File System.
         Starting udev Kernel Device Manager...
[[0;32m  OK  [0m] Started Load/Save Random Seed.
[[0;32m  OK  [0m] Started Monitoring of LVM2 mirrors,…sing dmeventd or progress polling.
[[0;32m  OK  [0m] Started Journal Service.
         Starting Flush Journal to Persistent Storage...
[[0;32m  OK  [0m] Started Apply Kernel Variables.
[[0;32m  OK  [0m] Started udev Coldplug all Devices.
[[0;32m  OK  [0m] Started Set the console keyboard layout.
[[0;32m  OK  [0m] Started udev Kernel Device Manager.
[[0;32m  OK  [0m] Reached target Local File Systems (Pre).
[[0;32m  OK  [0m] Reached target Local File Systems.
         Starting AppArmor initialization...
         Starting Tell Plymouth To Write Out Runtime Data...
         Starting ebtables ruleset management...
         Starting Set console font and keymap...
         Starting Commit a transient machine-id on disk...
[[0;32m  OK  [0m] Started Dispatch Password Requests to Console Directory Watch.
[[0;32m  OK  [0m] Reached target Local Encrypted Volumes.
[[0;32m  OK  [0m] Started Flush Journal to Persistent Storage.
         Starting Create Volatile Files and Directories...
[[0;32m  OK  [0m] Started Tell Plymouth To Write Out Runtime Data.
[[0;32m  OK  [0m] Started Set console font and keymap.
[[0;32m  OK  [0m] Started Commit a transient machine-id on disk.
[[0;32m  OK  [0m] Started Create Volatile Files and Directories.
         Starting Update UTMP about System Boot/Shutdown...
[[0;32m  OK  [0m] Started Update UTMP about System Boot/Shutdown.
[[0;32m  OK  [0m] Started ebtables ruleset management.
[[0;32m  OK  [0m] Found device /dev/ttyS0.
[[0;32m  OK  [0m] Listening on Load/Save RF Kill Switch Status /dev/rfkill Watch.
[[0;32m  OK  [0m] Started AppArmor initialization.
         Starting Initial cloud-init job (pre-networking)...
[    8.878681] cloud-init[554]: Cloud-init v. 19.4-33-gbb4131a2-0ubuntu1~18.04.1 running 'init-local' at Fri, 19 Jun 2020 14:42:52 +0000. Up 8.44 seconds.
[[0;32m  OK  [0m] Started Initial cloud-init job (pre-networking).
[[0;32m  OK  [0m] Reached target Network (Pre).
         Starting Network Service...
[[0;32m  OK  [0m] Started Network Service.
         Starting Network Name Resolution...
         Starting Wait for Network to be Configured...
[[0;32m  OK  [0m] Started Network Name Resolution.
[[0;32m  OK  [0m] Reached target Host and Network Name Lookups.
[[0;32m  OK  [0m] Reached target Network.
[[0;32m  OK  [0m] Started Wait for Network to be Configured.
         Starting Initial cloud-init job (metadata service crawler)...
[   11.065176] cloud-init[676]: Cloud-init v. 19.4-33-gbb4131a2-0ubuntu1~18.04.1 running 'init' at Fri, 19 Jun 2020 14:42:54 +0000. Up 10.91 seconds.
[   11.080220] cloud-init[676]: ci-info: ++++++++++++++++++++++++++++++++++++++Net device info++++++++++++++++++++++++++++++++++++++
[   11.092198] cloud-init[676]: ci-info: +--------+-------+---------------------------+---------------+--------+-------------------+
[   11.093122] cloud-init[676]: ci-info: | Device |   Up  |          Address          |      Mask     | Scope  |     Hw-Address    |
[   11.104626] cloud-init[676]: ci-info: +--------+-------+---------------------------+---------------+--------+-------------------+
[   11.106555] cloud-init[676]: ci-info: | enp0s3 |  True |         10.0.2.15         | 255.255.255.0 | global | 02:08:97:ad:f6:aa |
[   11.108807] cloud-init[676]: ci-info: | enp0s3 |  True | fe80::8:97ff:fead:f6aa/64 |       .       |  link  | 02:08:97:ad:f6:aa |
[   11.110456] cloud-init[676]: ci-info: | enp0s8 | False |             .             |       .       |   .    | 08:00:27:90:dc:60 |
[   11.120540] cloud-init[676]: ci-info: |   lo   |  True |         127.0.0.1         |   255.0.0.0   |  host  |         .         |
[   11.121926] cloud-init[676]: ci-info: |   lo   |  True |          ::1/128          |       .       |  host  |         .         |
[   11.123419] cloud-init[676]: ci-info: +--------+-------+---------------------------+---------------+--------+-------------------+
[   11.124812] cloud-init[676]: ci-info: ++++++++++++++++++++++++++++Route IPv4 info+++++++++++++++++++++++++++++
[   11.126011] cloud-init[676]: ci-info: +-------+-------------+----------+-----------------+-----------+-------+
[   11.127157] cloud-init[676]: ci-info: | Route | Destination | Gateway  |     Genmask     | Interface | Flags |
[   11.128290] cloud-init[676]: ci-info: +-------+-------------+----------+-----------------+-----------+-------+
[   11.129291] cloud-init[676]: ci-info: |   0   |   0.0.0.0   | 10.0.2.2 |     0.0.0.0     |   enp0s3  |   UG  |
[   11.130285] cloud-init[676]: ci-info: |   1   |   10.0.2.0  | 0.0.0.0  |  255.255.255.0  |   enp0s3  |   U   |
[   11.131516] cloud-init[676]: ci-info: |   2   |   10.0.2.2  | 0.0.0.0  | 255.255.255.255 |   enp0s3  |   UH  |
[   11.144570] cloud-init[676]: ci-info: +-------+-------------+----------+-----------------+-----------+-------+
[   11.145787] cloud-init[676]: ci-info: +++++++++++++++++++Route IPv6 info+++++++++++++++++++
[   11.146781] cloud-init[676]: ci-info: +-------+-------------+---------+-----------+-------+
[   11.147686] cloud-init[676]: ci-info: | Route | Destination | Gateway | Interface | Flags |
[   11.148715] cloud-init[676]: ci-info: +-------+-------------+---------+-----------+-------+
[   11.149790] cloud-init[676]: ci-info: |   1   |  fe80::/64  |    ::   |   enp0s3  |   U   |
[   11.150890] cloud-init[676]: ci-info: |   3   |    local    |    ::   |   enp0s3  |   U   |
[   11.160472] cloud-init[676]: ci-info: |   4   |   ff00::/8  |    ::   |   enp0s3  |   U   |
[   11.161963] cloud-init[676]: ci-info: +-------+-------------+---------+-----------+-------+
[   13.353085] cloud-init[676]: Generating public/private rsa key pair.
[   13.354376] cloud-init[676]: Your identification has been saved in /etc/ssh/ssh_host_rsa_key.
[   13.356031] cloud-init[676]: Your public key has been saved in /etc/ssh/ssh_host_rsa_key.pub.
[   13.357791] cloud-init[676]: The key fingerprint is:
[   13.358986] cloud-init[676]: SHA256:5EL7eDszBuYS3luJV/iYoRqbfd552ROlzThNJrpAs5U root@ubuntu-bionic
[   13.360736] cloud-init[676]: The key's randomart image is:
[   13.361902] cloud-init[676]: +---[RSA 2048]----+
[   13.363023] cloud-init[676]: |                 |
[   13.364384] cloud-init[676]: |                 |
[   13.365521] cloud-init[676]: |      . .    .   |
[   13.366698] cloud-init[676]: |     . + .o E . +|
[   13.367829] cloud-init[676]: |      o S..+ . @ |
[   13.369070] cloud-init[676]: |    . o* Bo . = +|
[   13.370504] cloud-init[676]: |   ..=+.O .. + o |
[   13.371689] cloud-init[676]: |    o*o+*o .+ o  |
[   13.372944] cloud-init[676]: |    +.o=o+o.   . |
[   13.374025] cloud-init[676]: +----[SHA256]-----+
[   13.375040] cloud-init[676]: Generating public/private dsa key pair.
[   13.376351] cloud-init[676]: Your identification has been saved in /etc/ssh/ssh_host_dsa_key.
[   13.378092] cloud-init[676]: Your public key has been saved in /etc/ssh/ssh_host_dsa_key.pub.
[   13.379819] cloud-init[676]: The key fingerprint is:
[   13.381693] cloud-init[676]: SHA256:g9ilQHYgIIdBeTF8X9TYgr0xqG1NA9pIfkodD0f6YOA root@ubuntu-bionic
[   13.384096] cloud-init[676]: The key's randomart image is:
[   13.385988] cloud-init[676]: +---[DSA 1024]----+
[   13.387124] cloud-init[676]: |===o=+.+B++      |
[   13.388364] cloud-init[676]: |oo *=o*o*X o     |
[   13.389380] cloud-init[676]: |  . oE+B=.*      |
[   13.390455] cloud-init[676]: |    .=+Boo       |
[   13.391797] cloud-init[676]: |    ..= S.       |
[   13.392910] cloud-init[676]: |         .       |
[   13.393957] cloud-init[676]: |                 |
[   13.394979] cloud-init[676]: |                 |
[   13.395995] cloud-init[676]: |                 |
[   13.397076] cloud-init[676]: +----[SHA256]-----+
[   13.398239] cloud-init[676]: Generating public/private ecdsa key pair.
[   13.399462] cloud-init[676]: Your identification has been saved in /etc/ssh/ssh_host_ecdsa_key.
[   13.401180] cloud-init[676]: Your public key has been saved in /etc/ssh/ssh_host_ecdsa_key.pub.
[   13.402732] cloud-init[676]: The key fingerprint is:
[   13.403674] cloud-init[676]: SHA256:BegFNUkAOB4L1h/EqrNzrHSJPapxYDG35h4/hRKGqX4 root@ubuntu-bionic
[   13.405584] cloud-init[676]: The key's randomart image is:
[   13.406965] cloud-init[676]: +---[ECDSA 256]---+
[   13.407797] cloud-init[676]: |  ..+oo*=.       |
[   13.409099] cloud-init[676]: |..+. o. oo       |
[   13.410288] cloud-init[676]: |.=o=o...  .      |
[   13.411417] cloud-init[676]: | o*+...  .       |
[   13.412520] cloud-init[676]: |o.oo. . S        |
[   13.413582] cloud-init[676]: |o+=... .         |
[   13.414941] cloud-init[676]: |oo=B. .          |
[   13.416041] cloud-init[676]: |.*+E+.           |
[   13.417296] cloud-init[676]: |oo=. ..          |
[   13.418122] cloud-init[676]: +----[SHA256]-----+
[   13.419099] cloud-init[676]: Generating public/private ed25519 key pair.
[   13.420490] cloud-init[676]: Your identification has been saved in /etc/ssh/ssh_host_ed25519_key.
[   13.422018] cloud-init[676]: Your public key has been saved in /etc/ssh/ssh_host_ed25519_key.pub.
[   13.423770] cloud-init[676]: The key fingerprint is:
[   13.424854] cloud-init[676]: SHA256:JzQH5XJIn9BXJQKcQJMFp8ec52mUNTuMyuX3GwiQsxA root@ubuntu-bionic
[   13.426659] cloud-init[676]: The key's randomart image is:
[   13.427771] cloud-init[676]: +--[ED25519 256]--+
[   13.440477] cloud-init[676]: |       EOO=o..=..|
[   13.441510] cloud-init[676]: |       .o%=o.* + |
[   13.442468] cloud-init[[0;32m  OK  [0m] Started Initial cloud-init job (metadata service crawler).
[[0;32m  OK  [0m] Reached target Network is Online.
[676]: |       .*+@.* +  |
[   13.445492]          Starting Availability of block devices...
[[0;32m  OK  [0m] Reached target Remote File Systems (Pre).
cloud-init[676]: |       ..B+B . . |
[   13.448637] cloud-init[676]: |        S.+.= .  |
[[0;32m  OK  [0m] Reached target Remote File Systems.
[[0;32m  OK  [0m] Reached target System Initialization.
[[0;32m  OK  [0m] Listening on UUID daemon activation socket.
[   13.453170] cloud-init[676]: |         o ..... |
[   13.457080] cloud-init[676]: |             . ..|
[[0;32m  OK  [0m] Started ACPI Events Check.
[[0;32m  OK  [0m] Started Daily apt download activities.
[[0;32m  OK  [0m] Started Daily apt upgrade and clean activities.
         Starting Socket activation for snappy daemon.
[[0;32m  OK  [0m] Listening on Open-iSCSI iscsid Socket.
[[0;32m  OK  [0m] Reached target Paths.
[[0;32m  OK  [0m] Listening on D-Bus System Message Bus Socket.
[[0;32m  OK  [0m] Started Discard unused blocks once a week.
[   13.463525] cloud-init[676]: |                o|
[   13.479956] cloud-init[676]: |               . |
         Starting LXD - unix socket.
[[0;32m  OK  [0m] Started Message of the Day.
[[0;32m  OK  [0m] Started Daily Cleanup of Temporary Directories.
[[0;32m  OK  [0m] Reached target Timers.
[[0;32m  OK  [0m] Listening on ACPID Listen Socket.
[[0;32m  OK  [0m] Reached target Cloud-config availability.
[[0;32m  OK  [0m] Started Availability of block devices.
[[0;32m  OK  [0m] Listening on Socket activation for snappy daemon.
[[0;32m  OK  [0m] Listening on LXD - unix socket.
[[0;32m  OK  [0m] Reached target Sockets.
[[0;32m  OK  [0m] Reached target Basic System.
[   13.485730] cloud-init[676]: +----[SHA256]-----+
[[0;32m  OK  [0m] Started Regular background program processing daemon.
         Starting Accounts Service...
         Starting LXD - container startup/shutdown...
         Starting System Logging Service...
         Starting Pollinate to seed the pseudo random number generator...
[[0;32m  OK  [0m] Started Deferred execution scheduler.
[[0;32m  OK  [0m] Started D-Bus System Message Bus.
         Starting LSB: automatic crash report generation...
         Starting Dispatcher daemon for systemd-networkd...
[[0;32m  OK  [0m] Started FUSE filesystem for LXC.
         Starting Permit User Sessions...
         Starting Login Service...
         Starting Virtualbox guest utils...
[[0;32m  OK  [0m] Started irqbalance daemon.
         Starting LSB: Record successful boot for GRUB...
         Starting Snappy daemon...
[[0;32m  OK  [0m] Started System Logging Service.
[[0;32m  OK  [0m] Started Permit User Sessions.
[[0;32m  OK  [0m] Started Login Service.
[[0;32m  OK  [0m] Started Unattended Upgrades Shutdown.
         Starting Authorization Manager...
         Starting Hold until boot process finishes up...
         Starting Terminate Plymouth Boot Screen...
[[0;32m  OK  [0m] Started Hold until boot process finishes up.
         Starting Set console scheme...
[[0;32m  OK  [0m] Started Serial Getty on ttyS0.
[[0;32m  OK  [0m] Started Terminate Plymouth Boot Screen.
[[0;32m  OK  [0m] Started LSB: automatic crash report generation.
[[0;32m  OK  [0m] Started Authorization Manager.
[[0;32m  OK  [0m] Started Accounts Service.
[[0;32m  OK  [0m] Started Set console scheme.
[[0;32m  OK  [0m] Created slice system-getty.slice.
[[0;32m  OK  [0m] Started Getty on tty1.
[[0;32m  OK  [0m] Reached target Login Prompts.
[[0;32m  OK  [0m] Started LSB: Record successful boot for GRUB.
[[0;32m  OK  [0m] Started Virtualbox guest utils.
[[0;32m  OK  [0m] Started Dispatcher daemon for systemd-networkd.
[[0;32m  OK  [0m] Started LXD - container startup/shutdown.
[[0;32m  OK  [0m] Started Snappy daemon.
         Starting Wait until snapd is fully seeded...
[[0;32m  OK  [0m] Started Pollinate to seed the pseudo random number generator.
         Starting OpenBSD Secure Shell server...
[[0;32m  OK  [0m] Started OpenBSD Secure Shell server.
[[0;32m  OK  [0m] Created slice User Slice of vagrant.
         Starting User Manager for UID 1000...
[[0;32m  OK  [0m] Started Session 1 of user vagrant.
[[0;32m  OK  [0m] Started User Manager for UID 1000.

Ubuntu 18.04.4 LTS ubuntu-bionic ttyS0

ubuntu-bionic login: [   24.274174] cloud-init[1562]: Cloud-init v. 19.4-33-gbb4131a2-0ubuntu1~18.04.1 running 'modules:config' at Fri, 19 Jun 2020 14:43:06 +0000. Up 23.26 seconds.
ci-info: no authorized SSH keys fingerprints found for user ubuntu.
<14>Jun 19 14:43:08 ec2: 
<14>Jun 19 14:43:08 ec2: #############################################################
<14>Jun 19 14:43:08 ec2: -----BEGIN SSH HOST KEY FINGERPRINTS-----
<14>Jun 19 14:43:08 ec2: 1024 SHA256:g9ilQHYgIIdBeTF8X9TYgr0xqG1NA9pIfkodD0f6YOA root@ubuntu-bionic (DSA)
<14>Jun 19 14:43:08 ec2: 256 SHA256:BegFNUkAOB4L1h/EqrNzrHSJPapxYDG35h4/hRKGqX4 root@ubuntu-bionic (ECDSA)
<14>Jun 19 14:43:08 ec2: 256 SHA256:JzQH5XJIn9BXJQKcQJMFp8ec52mUNTuMyuX3GwiQsxA root@ubuntu-bionic (ED25519)
<14>Jun 19 14:43:08 ec2: 2048 SHA256:5EL7eDszBuYS3luJV/iYoRqbfd552ROlzThNJrpAs5U root@ubuntu-bionic (RSA)
<14>Jun 19 14:43:08 ec2: -----END SSH HOST KEY FINGERPRINTS-----
<14>Jun 19 14:43:08 ec2: #############################################################
-----BEGIN SSH HOST KEY KEYS-----
ecdsa-sha2-nistp256 AAAAE2VjZHNhLXNoYTItbmlzdHAyNTYAAAAIbmlzdHAyNTYAAABBBPe9ypQns6dDBzrHpQ6hVa12hHsiv9j96J5anqpsPEIrAAauAnrISDE+o+i0wgpZsLPNzXSlEmQiAjzap3/X0cM= root@ubuntu-bionic
ssh-ed25519 AAAAC3NzaC1lZDI1NTE5AAAAIJ+Im9Hz+9LRWeS5vPJCCijoULrrHWzXgQ+F7kn0tJG7 root@ubuntu-bionic
ssh-rsa AAAAB3NzaC1yc2EAAAADAQABAAABAQCnCirdbkt1h2lAdaYxsAm1SLAa3ReN0MinaKaS44gpraiVdHL2WFMrw9Gkjg/8zabQj8kQlpyq0zxsv796R61EuOfJTDldO6/WfoJ04thtxYN3x4W46sUiYsCfWld3tIO0sYRjP8XAwQVy6bQz4zqDaMG65jjUT5cr5K5/8/kaGtSTEiPgPVXjP16oWHd1ABFaCl7zZy4ZlUzQCQ0IO52UP5+27qdaomIfsYH7ydL5VXNOINBaqgXQ87Kjz7ZI314vnDj7HPHxYgp3Lo/6FkAkTdlpaxrGIDAedwQl+NK0v2r1hl/PlP6ddV41xP8ZkxBB7d2sOkvCpT4HD5aiQ+d9 root@ubuntu-bionic
-----END SSH HOST KEY KEYS-----
[   25.178264] cloud-init[1681]: Cloud-init v. 19.4-33-gbb4131a2-0ubuntu1~18.04.1 running 'modules:final' at Fri, 19 Jun 2020 14:43:08 +0000. Up 24.95 seconds.
[   25.178417] cloud-init[1681]: ci-info: no authorized SSH keys fingerprints found for user ubuntu.
[   25.178559] cloud-init[1681]: Cloud-init v. 19.4-33-gbb4131a2-0ubuntu1~18.04.1 finished at Fri, 19 Jun 2020 14:43:08 +0000. Datasource DataSourceNoCloud [seed=/dev/sdb][dsmode=net].  Up 25.15 seconds
