[    0.000000] Linux version 4.15.0-106-generic (buildd@lcy01-amd64-016) (gcc version 7.5.0 (Ubuntu 7.5.0-3ubuntu1~18.04)) #107-Ubuntu SMP Thu Jun 4 11:27:52 UTC 2020 (Ubuntu 4.15.0-106.107-generic 4.15.18)
[    0.000000] Command line: BOOT_IMAGE=/boot/vmlinuz-4.15.0-106-generic root=LABEL=cloudimg-rootfs ro console=tty1 console=ttyS0
[    0.000000] KERNEL supported cpus:
[    0.000000]   Intel GenuineIntel
[    0.000000]   AMD AuthenticAMD
[    0.000000]   Centaur CentaurHauls
[    0.000000] x86/fpu: Supporting XSAVE feature 0x001: 'x87 floating point registers'
[    0.000000] x86/fpu: Supporting XSAVE feature 0x002: 'SSE registers'
[    0.000000] x86/fpu: Supporting XSAVE feature 0x004: 'AVX registers'
[    0.000000] x86/fpu: xstate_offset[2]:  576, xstate_sizes[2]:  256
[    0.000000] x86/fpu: Enabled xstate features 0x7, context size is 832 bytes, using 'standard' format.
[    0.000000] e820: BIOS-provided physical RAM map:
[    0.000000] BIOS-e820: [mem 0x0000000000000000-0x000000000009fbff] usable
[    0.000000] BIOS-e820: [mem 0x000000000009fc00-0x000000000009ffff] reserved
[    0.000000] BIOS-e820: [mem 0x00000000000f0000-0x00000000000fffff] reserved
[    0.000000] BIOS-e820: [mem 0x0000000000100000-0x000000007ffeffff] usable
[    0.000000] BIOS-e820: [mem 0x000000007fff0000-0x000000007fffffff] ACPI data
[    0.000000] BIOS-e820: [mem 0x00000000fec00000-0x00000000fec00fff] reserved
[    0.000000] BIOS-e820: [mem 0x00000000fee00000-0x00000000fee00fff] reserved
[    0.000000] BIOS-e820: [mem 0x00000000fffc0000-0x00000000ffffffff] reserved
[    0.000000] NX (Execute Disable) protection: active
[    0.000000] SMBIOS 2.5 present.
[    0.000000] DMI: innotek GmbH VirtualBox/VirtualBox, BIOS VirtualBox 12/01/2006
[    0.000000] Hypervisor detected: KVM
[    0.000000] e820: last_pfn = 0x7fff0 max_arch_pfn = 0x400000000
[    0.000000] MTRR: Disabled
[    0.000000] x86/PAT: MTRRs disabled, skipping PAT initialization too.
[    0.000000] CPU MTRRs all blank - virtualized system.
[    0.000000] x86/PAT: Configuration [0-7]: WB  WT  UC- UC  WB  WT  UC- UC  
[    0.000000] found SMP MP-table at [mem 0x0009fff0-0x0009ffff]
[    0.000000] Scanning 1 areas for low memory corruption
[    0.000000] RAMDISK: [mem 0x35a6b000-0x36d2cfff]
[    0.000000] ACPI: Early table checksum verification disabled
[    0.000000] ACPI: RSDP 0x00000000000E0000 000024 (v02 VBOX  )
[    0.000000] ACPI: XSDT 0x000000007FFF0030 00003C (v01 VBOX   VBOXXSDT 00000001 ASL  00000061)
[    0.000000] ACPI: FACP 0x000000007FFF00F0 0000F4 (v04 VBOX   VBOXFACP 00000001 ASL  00000061)
[    0.000000] ACPI: DSDT 0x000000007FFF0470 0022EA (v02 VBOX   VBOXBIOS 00000002 INTL 20100528)
[    0.000000] ACPI: FACS 0x000000007FFF0200 000040
[    0.000000] ACPI: FACS 0x000000007FFF0200 000040
[    0.000000] ACPI: APIC 0x000000007FFF0240 00005C (v02 VBOX   VBOXAPIC 00000001 ASL  00000061)
[    0.000000] ACPI: SSDT 0x000000007FFF02A0 0001CC (v01 VBOX   VBOXCPUT 00000002 INTL 20100528)
[    0.000000] No NUMA configuration found
[    0.000000] Faking a node at [mem 0x0000000000000000-0x000000007ffeffff]
[    0.000000] NODE_DATA(0) allocated [mem 0x7ffc5000-0x7ffeffff]
[    0.000000] kvm-clock: cpu 0, msr 0:7ff44001, primary cpu clock
[    0.000000] kvm-clock: Using msrs 4b564d01 and 4b564d00
[    0.000000] kvm-clock: using sched offset of 4101744710 cycles
[    0.000000] clocksource: kvm-clock: mask: 0xffffffffffffffff max_cycles: 0x1cd42e4dffb, max_idle_ns: 881590591483 ns
[    0.000000] Zone ranges:
[    0.000000]   DMA      [mem 0x0000000000001000-0x0000000000ffffff]
[    0.000000]   DMA32    [mem 0x0000000001000000-0x000000007ffeffff]
[    0.000000]   Normal   empty
[    0.000000]   Device   empty
[    0.000000] Movable zone start for each node
[    0.000000] Early memory node ranges
[    0.000000]   node   0: [mem 0x0000000000001000-0x000000000009efff]
[    0.000000]   node   0: [mem 0x0000000000100000-0x000000007ffeffff]
[    0.000000] Reserved but unavailable: 98 pages
[    0.000000] Initmem setup node 0 [mem 0x0000000000001000-0x000000007ffeffff]
[    0.000000] ACPI: PM-Timer IO Port: 0x4008
[    0.000000] IOAPIC[0]: apic_id 2, version 32, address 0xfec00000, GSI 0-23
[    0.000000] ACPI: INT_SRC_OVR (bus 0 bus_irq 0 global_irq 2 dfl dfl)
[    0.000000] ACPI: INT_SRC_OVR (bus 0 bus_irq 9 global_irq 9 low level)
[    0.000000] Using ACPI (MADT) for SMP configuration information
[    0.000000] smpboot: Allowing 2 CPUs, 0 hotplug CPUs
[    0.000000] PM: Registered nosave memory: [mem 0x00000000-0x00000fff]
[    0.000000] PM: Registered nosave memory: [mem 0x0009f000-0x0009ffff]
[    0.000000] PM: Registered nosave memory: [mem 0x000a0000-0x000effff]
[    0.000000] PM: Registered nosave memory: [mem 0x000f0000-0x000fffff]
[    0.000000] e820: [mem 0x80000000-0xfebfffff] available for PCI devices
[    0.000000] Booting paravirtualized kernel on KVM
[    0.000000] clocksource: refined-jiffies: mask: 0xffffffff max_cycles: 0xffffffff, max_idle_ns: 7645519600211568 ns
[    0.000000] random: get_random_bytes called from start_kernel+0x99/0x4fd with crng_init=0
[    0.000000] setup_percpu: NR_CPUS:8192 nr_cpumask_bits:2 nr_cpu_ids:2 nr_node_ids:1
[    0.000000] percpu: Embedded 45 pages/cpu s147456 r8192 d28672 u1048576
[    0.000000] PV qspinlock hash table entries: 256 (order: 0, 4096 bytes)
[    0.000000] Built 1 zonelists, mobility grouping on.  Total pages: 515961
[    0.000000] Policy zone: DMA32
[    0.000000] Kernel command line: BOOT_IMAGE=/boot/vmlinuz-4.15.0-106-generic root=LABEL=cloudimg-rootfs ro console=tty1 console=ttyS0
[    0.000000] Memory: 2015236K/2096696K available (12300K kernel code, 2481K rwdata, 4272K rodata, 2436K init, 2720K bss, 81460K reserved, 0K cma-reserved)
[    0.000000] SLUB: HWalign=64, Order=0-3, MinObjects=0, CPUs=2, Nodes=1
[    0.000000] Kernel/User page tables isolation: enabled
[    0.000000] ftrace: allocating 39378 entries in 154 pages
[    0.004000] Hierarchical RCU implementation.
[    0.004000] 	RCU restricting CPUs from NR_CPUS=8192 to nr_cpu_ids=2.
[    0.004000] 	Tasks RCU enabled.
[    0.004000] RCU: Adjusting geometry for rcu_fanout_leaf=16, nr_cpu_ids=2
[    0.004000] NR_IRQS: 524544, nr_irqs: 440, preallocated irqs: 16
[    0.004000] Console: colour VGA+ 80x25
[    0.004000] console [tty1] enabled
[    0.004000] console [ttyS0] enabled
[    0.004000] ACPI: Core revision 20170831
[    0.004000] ACPI: 2 ACPI AML tables successfully acquired and loaded
[    0.004000] APIC: Switch to symmetric I/O mode setup
[    0.004000] x2apic enabled
[    0.004000] Switched APIC routing to physical x2apic.
[    0.004000] ..TIMER: vector=0x30 apic1=0 pin1=2 apic2=-1 pin2=-1
[    0.004005] tsc: Detected 2394.456 MHz processor
[    0.004695] Calibrating delay loop (skipped) preset value.. 4788.91 BogoMIPS (lpj=9577824)
[    0.005259] pid_max: default: 32768 minimum: 301
[    0.005987] Security Framework initialized
[    0.006618] Yama: becoming mindful.
[    0.008023] AppArmor: AppArmor initialized
[    0.010329] Dentry cache hash table entries: 262144 (order: 9, 2097152 bytes)
[    0.012000] Inode-cache hash table entries: 131072 (order: 8, 1048576 bytes)
[    0.012020] Mount-cache hash table entries: 4096 (order: 3, 32768 bytes)
[    0.012988] Mountpoint-cache hash table entries: 4096 (order: 3, 32768 bytes)
[    0.016281] Last level iTLB entries: 4KB 64, 2MB 8, 4MB 8
[    0.017078] Last level dTLB entries: 4KB 64, 2MB 0, 4MB 0, 1GB 4
[    0.017952] Spectre V1 : Mitigation: usercopy/swapgs barriers and __user pointer sanitization
[    0.019195] Spectre V2 : Mitigation: Full generic retpoline
[    0.020002] Spectre V2 : Spectre v2 / SpectreRSB mitigation: Filling RSB on context switch
[    0.021579] Speculative Store Bypass: Vulnerable
[    0.022523] SRBDS: Unknown: Dependent on hypervisor status
[    0.023484] MDS: Vulnerable: Clear CPU buffers attempted, no microcode
[    0.024180] Freeing SMP alternatives memory: 36K
[    0.136120] smpboot: CPU0: Intel(R) Core(TM) i7-5500U CPU @ 2.40GHz (family: 0x6, model: 0x3d, stepping: 0x4)
[    0.137702] Performance Events: unsupported p6 CPU model 61 no PMU driver, software events only.
[    0.139103] Hierarchical SRCU implementation.
[    0.140168] NMI watchdog: Perf event create on CPU 0 failed with -2
[    0.141083] NMI watchdog: Perf NMI watchdog permanently disabled
[    0.142021] smp: Bringing up secondary CPUs ...
[    0.142982] x86: Booting SMP configuration:
[    0.143679] .... node  #0, CPUs:      #1
[    0.004000] kvm-clock: cpu 1, msr 0:7ff44041, secondary cpu clock
[    0.163030] smp: Brought up 1 node, 2 CPUs
[    0.163030] smpboot: Max logical packages: 1
[    0.164008] smpboot: Total of 2 processors activated (9577.82 BogoMIPS)
[    0.165155] devtmpfs: initialized
[    0.165155] x86/mm: Memory block size: 128MB
[    0.165462] evm: security.selinux
[    0.165999] evm: security.SMACK64
[    0.168003] evm: security.SMACK64EXEC
[    0.168585] evm: security.SMACK64TRANSMUTE
[    0.169219] evm: security.SMACK64MMAP
[    0.169798] evm: security.apparmor
[    0.170389] evm: security.ima
[    0.170872] evm: security.capability
[    0.171504] clocksource: jiffies: mask: 0xffffffff max_cycles: 0xffffffff, max_idle_ns: 7645041785100000 ns
[    0.172008] futex hash table entries: 512 (order: 3, 32768 bytes)
[    0.172959] pinctrl core: initialized pinctrl subsystem
[    0.173948] RTC time: 13:52:52, date: 08/03/20
[    0.176072] NET: Registered protocol family 16
[    0.176927] audit: initializing netlink subsys (disabled)
[    0.177768] audit: type=2000 audit(1596462778.024:1): state=initialized audit_enabled=0 res=1
[    0.180022] cpuidle: using governor ladder
[    0.180703] cpuidle: using governor menu
[    0.181426] ACPI: bus type PCI registered
[    0.182073] acpiphp: ACPI Hot Plug PCI Controller Driver version: 0.5
[    0.183162] PCI: Using configuration type 1 for base access
[    0.185254] HugeTLB registered 2.00 MiB page size, pre-allocated 0 pages
[    0.188083] ACPI: Added _OSI(Module Device)
[    0.188744] ACPI: Added _OSI(Processor Device)
[    0.189436] ACPI: Added _OSI(3.0 _SCP Extensions)
[    0.190158] ACPI: Added _OSI(Processor Aggregator Device)
[    0.191094] ACPI: Added _OSI(Linux-Dell-Video)
[    0.191790] ACPI: Added _OSI(Linux-Lenovo-NV-HDMI-Audio)
[    0.192005] ACPI: Added _OSI(Linux-HPI-Hybrid-Graphics)
[    0.193096] ACPI: Executed 1 blocks of module-level executable AML code
[    0.197812] ACPI: Interpreter enabled
[    0.198416] ACPI: (supports S0 S5)
[    0.198984] ACPI: Using IOAPIC for interrupt routing
[    0.200226] PCI: Using host bridge windows from ACPI; if necessary, use "pci=nocrs" and report a bug
[    0.201727] ACPI: Enabled 2 GPEs in block 00 to 07
[    0.208056] ACPI: PCI Root Bridge [PCI0] (domain 0000 [bus 00-ff])
[    0.208979] acpi PNP0A03:00: _OSC: OS supports [ASPM ClockPM Segments MSI]
[    0.210478] acpi PNP0A03:00: _OSC: not requesting OS control; OS requires [ExtendedConfig ASPM ClockPM MSI]
[    0.212017] acpi PNP0A03:00: fail to add MMCONFIG information, can't access extended PCI configuration space under this bridge.
[    0.214046] PCI host bridge to bus 0000:00
[    0.214722] pci_bus 0000:00: root bus resource [io  0x0000-0x0cf7 window]
[    0.216004] pci_bus 0000:00: root bus resource [io  0x0d00-0xffff window]
[    0.216986] pci_bus 0000:00: root bus resource [mem 0x000a0000-0x000bffff window]
[    0.218116] pci_bus 0000:00: root bus resource [mem 0x80000000-0xfdffffff window]
[    0.219256] pci_bus 0000:00: root bus resource [bus 00-ff]
[    0.221795] pci 0000:00:01.1: legacy IDE quirk: reg 0x10: [io  0x01f0-0x01f7]
[    0.222881] pci 0000:00:01.1: legacy IDE quirk: reg 0x14: [io  0x03f6]
[    0.224003] pci 0000:00:01.1: legacy IDE quirk: reg 0x18: [io  0x0170-0x0177]
[    0.225747] pci 0000:00:01.1: legacy IDE quirk: reg 0x1c: [io  0x0376]
[    0.280089] pci 0000:00:07.0: quirk: [io  0x4000-0x403f] claimed by PIIX4 ACPI
[    0.281271] pci 0000:00:07.0: quirk: [io  0x4100-0x410f] claimed by PIIX4 SMB
[    0.317440] ACPI: PCI Interrupt Link [LNKA] (IRQs 5 9 10 *11)
[    0.319080] ACPI: PCI Interrupt Link [LNKB] (IRQs 5 9 *10 11)
[    0.320171] ACPI: PCI Interrupt Link [LNKC] (IRQs 5 *9 10 11)
[    0.321374] ACPI: PCI Interrupt Link [LNKD] (IRQs 5 9 10 *11)
[    0.323091] SCSI subsystem initialized
[    0.324144] pci 0000:00:02.0: vgaarb: setting as boot VGA device
[    0.325421] pci 0000:00:02.0: vgaarb: VGA device added: decodes=io+mem,owns=io+mem,locks=none
[    0.328016] pci 0000:00:02.0: vgaarb: bridge control possible
[    0.329274] vgaarb: loaded
[    0.330052] ACPI: bus type USB registered
[    0.331054] usbcore: registered new interface driver usbfs
[    0.332060] usbcore: registered new interface driver hub
[    0.333519] usbcore: registered new device driver usb
[    0.336059] EDAC MC: Ver: 3.0.0
[    0.337594] PCI: Using ACPI for IRQ routing
[    0.337594] NetLabel: Initializing
[    0.340007] NetLabel:  domain hash size = 128
[    0.340951] NetLabel:  protocols = UNLABELED CIPSOv4 CALIPSO
[    0.342370] NetLabel:  unlabeled traffic allowed by default
[    0.344413] clocksource: Switched to clocksource kvm-clock
[    0.364284] VFS: Disk quotas dquot_6.6.0
[    0.364978] VFS: Dquot-cache hash table entries: 512 (order 0, 4096 bytes)
[    0.366257] AppArmor: AppArmor Filesystem Enabled
[    0.367117] pnp: PnP ACPI init
[    0.368650] pnp: PnP ACPI: found 3 devices
[    0.379022] clocksource: acpi_pm: mask: 0xffffff max_cycles: 0xffffff, max_idle_ns: 2085701024 ns
[    0.380617] NET: Registered protocol family 2
[    0.381890] TCP established hash table entries: 16384 (order: 5, 131072 bytes)
[    0.383540] TCP bind hash table entries: 16384 (order: 6, 262144 bytes)
[    0.385106] TCP: Hash tables configured (established 16384 bind 16384)
[    0.387875] UDP hash table entries: 1024 (order: 3, 32768 bytes)
[    0.389268] UDP-Lite hash table entries: 1024 (order: 3, 32768 bytes)
[    0.390545] NET: Registered protocol family 1
[    0.391487] pci 0000:00:00.0: Limiting direct PCI/PCI transfers
[    0.392620] pci 0000:00:01.0: Activating ISA DMA hang workarounds
[    0.393820] pci 0000:00:02.0: Video device with shadowed ROM at [mem 0x000c0000-0x000dffff]
[    0.395509] Unpacking initramfs...
[    0.750560] Freeing initrd memory: 19208K
[    0.751425] clocksource: tsc: mask: 0xffffffffffffffff max_cycles: 0x2283c236f90, max_idle_ns: 440795217409 ns
[    0.753302] platform rtc_cmos: registered platform RTC device (no PNP device found)
[    0.754665] Scanning for low memory corruption every 60 seconds
[    0.756640] Initialise system trusted keyrings
[    0.757632] Key type blacklist registered
[    0.758682] workingset: timestamp_bits=36 max_order=19 bucket_order=0
[    0.760709] zbud: loaded
[    0.761853] squashfs: version 4.0 (2009/01/31) Phillip Lougher
[    0.763109] fuse init (API version 7.26)
[    0.766287] Key type asymmetric registered
[    0.767041] Asymmetric key parser 'x509' registered
[    0.767939] Block layer SCSI generic (bsg) driver version 0.4 loaded (major 246)
[    0.769351] io scheduler noop registered
[    0.770059] io scheduler deadline registered
[    0.770855] io scheduler cfq registered (default)
[    0.772012] ACPI: AC Adapter [AC] (on-line)
[    0.772908] input: Power Button as /devices/LNXSYSTM:00/LNXPWRBN:00/input/input0
[    0.774358] ACPI: Power Button [PWRF]
[    0.775261] input: Sleep Button as /devices/LNXSYSTM:00/LNXSLPBN:00/input/input1
[    0.776608] ACPI: Sleep Button [SLPF]
[    0.778286] ACPI: Battery Slot [BAT0] (battery present)
[    0.779381] Serial: 8250/16550 driver, 32 ports, IRQ sharing enabled
[    0.801985] 00:02: ttyS0 at I/O 0x3f8 (irq = 4, base_baud = 115200) is a 16550A
[    0.806905] Linux agpgart interface v0.103
[    0.813545] loop: module loaded
[    0.814865] scsi host0: ata_piix
[    0.815639] scsi host1: ata_piix
[    0.816315] ata1: PATA max UDMA/33 cmd 0x1f0 ctl 0x3f6 bmdma 0xd000 irq 14
[    0.817638] ata2: PATA max UDMA/33 cmd 0x170 ctl 0x376 bmdma 0xd008 irq 15
[    0.820519] libphy: Fixed MDIO Bus: probed
[    0.822009] tun: Universal TUN/TAP device driver, 1.6
[    0.823677 PPP generic driver version 2.4.2
[    0.859713] ehci_hcd: USB 2.0 'Enhanced' Host Controller (EHCI) Driver
[    0.861150] ehci-pci: EHCI PCI platform driver
[    0.861969] ehci-platform: EHCI generic platform driver
[    0.862947] ohci_hcd: USB 1.1 'Open' Host Controller (OHCI) Driver
[    0.864078] ohci-pci: OHCI PCI platform driver
[    0.864939] ohci-platform: OHCI generic platform driver
[    0.865884] uhci_hcd: USB Universal Host Controller Interface driver
[    0.867109] i8042: PNP: PS/2 Controller [PNP0303:PS2K,PNP0f03:PS2M] at 0x60,0x64 irq 1,12
[    0.869411] serio: i8042 KBD port at 0x60,0x64 irq 1
[    0.870591] serio: i8042 AUX port at 0x60,0x64 irq 12
[    0.872035] mousedev: PS/2 mouse device common for all mice
[    0.873715] input: AT Translated Set 2 keyboard as /devices/platform/i8042/serio0/input/input2
[    0.875926] rtc_cmos rtc_cmos: rtc core: registered rtc_cmos as rtc0
[    0.877593] rtc_cmos rtc_cmos: alarms up to one day, 114 bytes nvram
[    0.879013] i2c /dev entries driver
[    0.879858] device-mapper: uevent: version 1.0.3
[    0.880783] device-mapper: ioctl: 4.37.0-ioctl (2017-09-20) initialised: dm-devel@redhat.com
[    0.882084] ledtrig-cpu: registered to indicate activity on CPUs
[    0.883340] NET: Registered protocol family 10
[    0.887446] Segment Routing with IPv6
[    0.888066] NET: Registered protocol family 17
[    0.888858] Key type dns_resolver registered
[    0.889701] mce: Using 0 MCE banks
[    0.890284] RAS: Correctable Errors collector initialized.
[    0.891373] sched_clock: Marking stable (889670813, 0)->(1092774325, -203103512)
[    0.893335] registered taskstats version 1
[    0.894105] Loading compiled-in X.509 certificates
[    0.897360] Loaded X.509 cert 'Build time autogenerated kernel key: b1772ce3e036cbf6bf2b7e9ed9be0f8806d61091'
[    0.899152] zswap: loaded using pool lzo/zbud
[    0.903490] Key type big_key registered
[    0.904308] Key type trusted registered
[    0.906610] Key type encrypted registered
[    0.907245] AppArmor: AppArmor sha1 policy hashing enabled
[    0.908098] ima: No TPM chip found, activating TPM-bypass! (rc=-19)
[    0.909280] ima: Allocated hash algorithm: sha1
[    0.909990] evm: HMAC attrs: 0x1
[    0.910778]   Magic number: 0:953:886
[    0.911473] rtc_cmos rtc_cmos: setting system clock to 2020-08-03 13:52:53 UTC (1596462773)
[    0.912877] BIOS EDD facility v0.16 2004-Jun-25, 0 devices found
[    0.913770] EDD information not available.
[    0.982744] Freeing unused kernel image memory: 2436K
[    1.006505] Write protecting the kernel read-only data: 20480k
[    1.008651] Freeing unused kernel image memory: 2008K
[    1.010019] Freeing unused kernel image memory: 1872K
[    1.017427] x86/mm: Checked W+X mappings: passed, no W+X pages found.
[    1.018551] x86/mm: Checking user space page tables
[    1.025764] x86/mm: Checked W+X mappings: passed, no W+X pages found.
Loading, please wait...
starting version 237
[    1.091552] e1000: Intel(R) PRO/1000 Network Driver - version 7.3.21-k8-NAPI
[    1.092839] e1000: Copyright (c) 1999-2006 Intel Corporation.
[    1.097163] Fusion MPT base driver 3.04.20
[    1.097938] Copyright (c) 1999-2008 LSI Corporation
[    1.111177] Fusion MPT SPI Host driver 3.04.20
[    1.114572] AVX2 version of gcm_enc/dec engaged.
[    1.115442] AES CTR mode by8 optimization enabled
[    1.309609] input: ImExPS/2 Generic Explorer Mouse as /devices/platform/i8042/serio1/input/input4
[    1.493080] e1000 0000:00:03.0 eth0: (PCI:33MHz:32-bit) 02:08:97:ad:f6:aa
[    1.494094] e1000 0000:00:03.0 eth0: Intel(R) PRO/1000 Network Connection
[    1.902118] e1000 0000:00:08.0 eth1: (PCI:33MHz:32-bit) 08:00:27:85:1d:71
[    1.903481] e1000 0000:00:08.0 eth1: Intel(R) PRO/1000 Network Connection
[    1.905689] mptbase: ioc0: Initiating bringup
[    1.907424] e1000 0000:00:08.0 enp0s8: renamed from eth1
[    1.924677] e1000 0000:00:03.0 enp0s3: renamed from eth0
[    2.136885] ioc0: LSI53C1030 A0: Capabilities={Initiator}
[    2.808320] scsi host2: ioc0: LSI53C1030 A0, FwRev=00000000h, Ports=1, MaxQ=256, IRQ=20
[    3.077066] scsi 2:0:0:0: Direct-Access     VBOX     HARDDISK         1.0  PQ: 0 ANSI: 5
[    3.186677] scsi target2:0:0: Beginning Domain Validation
[    3.188703] scsi target2:0:0: Domain Validation skipping write tests
[    3.189678] scsi target2:0:0: Ending Domain Validation
[    3.190783] scsi target2:0:0: asynchronous
[    3.191780] scsi 2:0:1:0: Direct-Access     VBOX     HARDDISK         1.0  PQ: 0 ANSI: 5
[    3.667280] scsi target2:0:1: Beginning Domain Validation
[    3.669738] random: fast init done
[    3.670507] scsi target2:0:1: Domain Validation skipping write tests
[    3.671442] scsi target2:0:1: Ending Domain Validation
[    3.672273] scsi target2:0:1: asynchronous
[    3.676341] random: systemd-udevd: uninitialized urandom read (16 bytes read)
[    3.677709] random: systemd-udevd: uninitialized urandom read (16 bytes read)
[    3.678935] random: systemd-udevd: uninitialized urandom read (16 bytes read)
[    3.680545] sd 2:0:0:0: Attached scsi generic sg0 type 0
[    3.682029] sd 2:0:1:0: Attached scsi generic sg1 type 0
[    3.683252] sd 2:0:0:0: [sda] 62914560 512-byte logical blocks: (32.2 GB/30.0 GiB)
[    3.684901] sd 2:0:1:0: [sdb] 20480 512-byte logical blocks: (10.5 MB/10.0 MiB)
[    3.686267] sd 2:0:0:0: [sda] Write Protect is off
[    3.687233] sd 2:0:1:0: [sdb] Write Protect is off
[    3.688998] sd 2:0:0:0: [sda] Incomplete mode parameter data
[    3.690030] sd 2:0:0:0: [sda] Assuming drive cache: write through
[    3.691352] sd 2:0:1:0: [sdb] Incomplete mode parameter data
[    3.692497] sd 2:0:1:0: [sdb] Assuming drive cache: write through
[    3.717498]  sda: sda1
[    3.719337] sd 2:0:0:0: [sda] Attached SCSI disk
[    3.732282] sd 2:0:1:0: [sdb] Attached SCSI disk
Begin: Loading essential drivers ... [    5.336364] raid6: sse2x1   gen()  6576 MB/s
[    5.384386] raid6: sse2x1   xor()  3733 MB/s
[    5.432903] raid6: sse2x2   gen()  6400 MB/s
[    5.480391] raid6: sse2x2   xor()  4270 MB/s
[    5.528893] raid6: sse2x4   gen()  7964 MB/s
[    5.576365] raid6: sse2x4   xor()  7449 MB/s
[    5.624397] raid6: avx2x1   gen() 17722 MB/s
[    5.672056] raid6: avx2x1   xor() 11588 MB/s
[    5.720043] raid6: avx2x2   gen() 20484 MB/s
[    5.768019] raid6: avx2x2   xor() 12291 MB/s
[    5.816017] raid6: avx2x4   gen() 24092 MB/s
[    5.864015] raid6: avx2x4   xor() 15215 MB/s
[    5.865824] raid6: using algorithm avx2x4 gen() 24092 MB/s
[    5.866987] raid6: .... xor() 15215 MB/s, rmw enabled
[    5.868017] raid6: using avx2x2 recovery algorithm
[    5.870379] xor: automatically using best checksumming function   avx       
[    5.872773] async_tx: api initialized (async)
done.
Begin: Running /scripts/init-premount ... done.
Begin: Mounting root file system ... Begin: Running /scripts/local-top ... done.
Begin: Running /scripts/local-premount ... [    5.919635] Btrfs loaded, crc32c=crc32c-intel
Scanning for Btrfs filesystems
done.
Warning: fsck not present, so skipping root file system
[    5.981598] EXT4-fs (sda1): mounted filesystem with ordered data mode. Opts: (null)
done.
Begin: Running /scripts/local-bottom ... done.
Begin: Running /scripts/init-bottom ... done.
[    6.702171] ip_tables: (C) 2000-2006 Netfilter Core Team
[    6.754312] systemd[1]: systemd 237 running in system mode. (+PAM +AUDIT +SELINUX +IMA +APPARMOR +SMACK +SYSVINIT +UTMP +LIBCRYPTSETUP +GCRYPT +GNUTLS +ACL +XZ +LZ4 +SECCOMP +BLKID +ELFUTILS +KMOD -IDN2 +IDN -PCRE2 default-hierarchy=hybrid)
[    6.758492] systemd[1]: Detected virtualization oracle.
[    6.759319] systemd[1]: Detected architecture x86-64.

Welcome to [1mUbuntu 18.04.4 LTS[0m!

[    6.789735] systemd[1]: Set hostname to <ubuntu-bionic>.
[    7.656537] random: crng init done
[    7.657285] random: 7 urandom warning(s) missed due to ratelimiting
[    7.978015] systemd[1]: Started Forward Password Requests to Wall Directory Watch.
[[0;32m  OK  [0m] Started Forward Password Requests to Wall Directory Watch.
[    7.980883] systemd[1]: Reached target User and Group Name Lookups.
[[0;32m  OK  [0m] Reached target User and Group Name Lookups.
[    7.983420] systemd[1]: Set up automount Arbitrary Executable File Formats File System Automount Point.
[[0;32m  OK  [0m] Set up automount Arbitrary Executab…rmats File System Automount Point.
[    7.986762] systemd[1]: Reached target Swap.
[[0;32m  OK  [0m] Reached target Swap.
[    7.993473] systemd[1]: Created slice System Slice.
[[0;32m  OK  [0m] Created slice System Slice.
[    7.995267] systemd[1]: Listening on udev Control Socket.
[[0;32m  OK  [0m] Listening on udev Control Socket.
[[0;32m  OK  [0m] Listening on Network Service Netlink Socket.
[[0;32m  OK  [0m] Listening on LVM2 poll daemon socket.
[[0;32m  OK  [0m] Listening on Journal Audit Socket.
[[0;32m  OK  [0m] Listening on Journal Socket.
         Starting Remount Root and Kernel File Systems...
         Starting Load Kernel Modules...
         Mounting POSIX Message Queue File System...
[[0;32m  OK  [0m] Listening on /dev/initctl Compatibility Named Pipe.
         Mounting Kernel Debug File System...
[[0;32m  OK  [0m] Listening on udev Kernel Socket.
         Mounting Huge Pages File System...
[[0;32m  OK  [0m] Created slice system-serial\x2dgetty.slice.
[    8.090927] Loading iSCSI transport class v2.0-870.
[    8.102232] iscsi: registered transport (tcp)
[[0;32m  OK  [0m] Listening on Syslog Socket.
         Starting Uncomplicated firewall...
[[0;32m  OK  [0m] Listening on Journal Socket (/dev/log).
[[0;32m  OK  [0m] Reached target System Time Synchronized.
         Starting Set the console keyboard layout...
         Starting Create list of required st…ce nodes for the current kernel...
[[0;32m  OK  [0m] Listening on Device-mapper event daemon FIFOs.
         Starting Journal Service...
         Starting udev Coldplug all Devices...
[[0;32m  OK  [0m] Created slice User and Session Slice.
[[0;32m  OK  [0m] Reached target Slices.
[[0;32m  OK  [0m] Listening on LVM2 metadata daemon socket.
         Starting Monitoring of LVM2 mirrors…ng dmeventd or progress polling...
[[0;32m  OK  [0m] Mounted POSIX Message Queue File System.
[[0;32m  OK  [0m] Mounted Kernel Debug File System.
[[0;32m  OK  [0m] Mounted Huge Pages File System.
[[0;32m  OK  [[    8.162862] EXT4-fs (sda1): re-mounted. Opts: (null)
0m] Started Uncomplicated firewall.
[[0;32m  OK  [0m] Started Remount Root and Kernel File Systems.
[    8.276312] iscsi: registered transport (iser)
         Starting Load/Save Random Seed...
[[0;32m  OK  [0m] Started Load Kernel Modules.
[[0;32m  OK  [0m] Started Create list of required sta…vice nodes for the current kernel.
         Starting Create Static Device Nodes in /dev...
         Starting Apply Kernel Variables...
         Mounting Kernel Configuration File System...
         Mounting FUSE Control File System...
[[0;32m  OK  [0m] Mounted Kernel Configuration File System.
[[0;32m  OK  [0m] Mounted FUSE Control File System.
[[0;32m  OK  [0m] Started Journal Service.
         Starting Flush Journal to Persistent Storage...
[[0;32m  OK  [0m] Started udev Coldplug all Devices.
[[0;32m  OK  [0m] Started LVM2 metadata daemon.
[[0;32m  OK  [0m] Started Load/Save Random Seed.
[[0;32m  OK  [0m] Started Create Static Device Nodes in /dev.
         Starting udev Kernel Device Manager...
[[0;32m  OK  [0m] Started Apply Kernel Variables.
[[0;32m  OK  [0m] Started Set the console keyboard layout.
[[0;32m  OK  [0m] Started udev Kernel Device Manager.
[[0;32m  OK  [0m] Started Dispatch Password Requests to Console Directory Watch.
[[0;32m  OK  [0m] Reached target Local Encrypted Volumes.
[[0;32m  OK  [0m] Started Monitoring of LVM2 mirrors,…sing dmeventd or progress polling.
[[0;32m  OK  [0m] Reached target Local File Systems (Pre).
[[0;32m  OK  [0m] Reached target Local File Systems.
         Starting AppArmor initialization...
         Starting Set console font and keymap...
         Starting Tell Plymouth To Write Out Runtime Data...
         Starting ebtables ruleset management...
[[0;32m  OK  [0m] Started Set console font and keymap.
[[0;32m  OK  [0m] Started Tell Plymouth To Write Out Runtime Data.
[[0;32m  OK  [0m] Found device /dev/ttyS0.
[[0;32m  OK  [0m] Listening on Load/Save RF Kill Switch Status /dev/rfkill Watch.
[[0;32m  OK  [0m] Started Flush Journal to Persistent Storage.
         Starting Create Volatile Files and Directories...
[[0;32m  OK  [0m] Started ebtables ruleset management.
[[0;32m  OK  [0m] Started Create Volatile Files and Directories.
         Starting Update UTMP about System Boot/Shutdown...
[[0;32m  OK  [0m] Started Update UTMP about System Boot/Shutdown.
[[0;32m  OK  [0m] Started AppArmor initialization.
         Starting Initial cloud-init job (pre-networking)...
[   13.639008] cloud-init[541]: Cloud-init v. 19.4-33-gbb4131a2-0ubuntu1~18.04.1 running 'init-local' at Mon, 03 Aug 2020 13:53:05 +0000. Up 13.11 seconds.
[[0;32m  OK  [0m] Started Initial cloud-init job (pre-networking).
[[0;32m  OK  [0m] Reached target Network (Pre).
         Starting Network Service...
[[0;32m  OK  [0m] Started Network Service.
         Starting Wait for Network to be Configured...
         Starting Network Name Resolution...
[[0;32m  OK  [0m] Started Network Name Resolution.
[[0;32m  OK  [0m] Reached target Network.
[[0;32m  OK  [0m] Reached target Host and Network Name Lookups.
[[0;32m  OK  [0m] Started Wait for Network to be Configured.
         Starting Initial cloud-init job (metadata service crawler)...
[   16.377622] cloud-init[665]: Cloud-init v. 19.4-33-gbb4131a2-0ubuntu1~18.04.1 running 'init' at Mon, 03 Aug 2020 13:53:08 +0000. Up 16.14 seconds.
[   16.379163] cloud-init[665]: ci-info: ++++++++++++++++++++++++++++++++++++++Net device info+++++++++++++++++++++++++++++++++++++++
[   16.380556] cloud-init[665]: ci-info: +--------+------+-----------------------------+---------------+--------+-------------------+
[   16.381836] cloud-init[665]: ci-info: | Device |  Up  |           Address           |      Mask     | Scope  |     Hw-Address    |
[   16.383121] cloud-init[665]: ci-info: +--------+------+-----------------------------+---------------+--------+-------------------+
[   16.384420] cloud-init[665]: ci-info: | enp0s3 | True |          10.0.2.15          | 255.255.255.0 | global | 02:08:97:ad:f6:aa |
[   16.385670] cloud-init[665]: ci-info: | enp0s3 | True |  fe80::8:97ff:fead:f6aa/64  |       .       |  link  | 02:08:97:ad:f6:aa |
[   16.386917] cloud-init[665]: ci-info: | enp0s8 | True |        192.168.33.10        | 255.255.255.0 | global | 08:00:27:85:1d:71 |
[   16.388177] cloud-init[665]: ci-info: | enp0s8 | True | fe80::a00:27ff:fe85:1d71/64 |       .       |  link  | 08:00:27:85:1d:71 |
[   16.389447] cloud-init[665]: ci-info: |   lo   | True |          127.0.0.1          |   255.0.0.0   |  host  |         .         |
[   16.390923] cloud-init[665]: ci-info: |   lo   | True |           ::1/128           |       .       |  host  |         .         |
[   16.392259] cloud-init[665]: ci-info: +--------+------+-----------------------------+---------------+--------+-------------------+
[   16.393530] cloud-init[665]: ci-info: +++++++++++++++++++++++++++++Route IPv4 info+++++++++++++++++++++++++++++
[   16.394621] cloud-init[665]: ci-info: +-------+--------------+----------+-----------------+-----------+-------+
[   16.395714] cloud-init[665]: ci-info: | Route | Destination  | Gateway  |     Genmask     | Interface | Flags |
[   16.397173] cloud-init[665]: ci-info: +-------+--------------+----------+-----------------+-----------+-------+
[   16.398541] cloud-init[665]: ci-info: |   0   |   0.0.0.0    | 10.0.2.2 |     0.0.0.0     |   enp0s3  |   UG  |
[   16.399924] cloud-init[665]: ci-info: |   1   |   10.0.2.0   | 0.0.0.0  |  255.255.255.0  |   enp0s3  |   U   |
[   16.401081] cloud-init[665]: ci-info: |   2   |   10.0.2.2   | 0.0.0.0  | 255.255.255.255 |   enp0s3  |   UH  |
[   16.402220] cloud-init[665]: ci-info: |   3   | 192.168.33.0 | 0.0.0.0  |  255.255.255.0  |   enp0s8  |   U   |
[   16.403440] cloud-init[665]: ci-info: +-------+--------------+----------+-----------------+-----------+-------+
[   16.404604] cloud-init[665]: ci-info: +++++++++++++++++++Route IPv6 info+++++++++++++++++++
[   16.405556] cloud-init[665]: ci-info: +-------+-------------+---------+-----------+-------+
[   16.406501] cloud-init[665]: ci-info: | Route | Destination | Gateway | Interface | Flags |
[   16.407463] cloud-init[665]: ci-info: +-------+-------------+---------+-----------+-------+
[   16.408413] cloud-init[665]: ci-info: |   1   |  fe80::/64  |    ::   |   enp0s8  |   U   |
[   16.409411] cloud-init[665]: ci-info: |   2   |  fe80::/64  |    ::   |   enp0s3  |   U   |
[   16.410481] cloud-init[665]: ci-info: |   4   |    local    |    ::   |   enp0s3  |   U   |
[   16.411404] cloud-init[665]: ci-info: |   5   |    local    |    ::   |   enp0s8  |   U   |
[   16.412339] cloud-init[665]: ci-info: |   6   |   ff00::/8  |    ::   |   enp0s8  |   U   |
[   16.413263] cloud-init[665]: ci-info: |   7   |   ff00::/8  |    ::   |   enp0s3  |   U   |
[   16.414185] cloud-init[665]: ci-info: +-------+-------------+---------+-----------+-------+
[[0;32m  OK  [0m] Started Initial cloud-init job (metadata service crawler).
[[0;32m  OK  [0m] Reached target Cloud-config availability.
[[0;32m  OK  [0m] Reached target System Initialization.
[[0;32m  OK  [0m] Listening on D-Bus System Message Bus Socket.
[[0;32m  OK  [0m] Started Daily Cleanup of Temporary Directories.
[[0;32m  OK  [0m] Started Discard unused blocks once a week.
[[0;32m  OK  [0m] Started Daily apt download activities.
[[0;32m  OK  [0m] Started ACPI Events Check.
[[0;32m  OK  [0m] Reached target Paths.
[[0;32m  OK  [0m] Started Message of the Day.
[[0;32m  OK  [0m] Started Daily apt upgrade and clean activities.
         Starting Docker Socket for the API.
[[0;32m  OK  [0m] Reached target Timers.
[[0;32m  OK  [0m] Listening on Open-iSCSI iscsid Socket.
[[0;32m  OK  [0m] Listening on ACPID Listen Socket.
         Starting Socket activation for snappy daemon.
         Starting LXD - unix socket.
[[0;32m  OK  [0m] Listening on UUID daemon activation socket.
[[0;32m  OK  [0m] Reached target Network is Online.
[[0;32m  OK  [0m] Reached target Remote File Systems (Pre).
[[0;32m  OK  [0m] Reached target Remote File Systems.
         Starting Availability of block devices...
[[0;32m  OK  [0m] Listening on Docker Socket for the API.
[[0;32m  OK  [0m] Listening on Socket activation for snappy daemon.
[[0;32m  OK  [0m] Listening on LXD - unix socket.
[[0;32m  OK  [0m] Reached target Sockets.
[[0;32m  OK  [0m] Reached target Basic System.
         Starting Dispatcher daemon for systemd-networkd...
         Starting LSB: Linux init script for swapspace...
         Starting LSB: Start Jenkins at boot time...
[[0;32m  OK  [0m] Started D-Bus System Message Bus.
         Starting LSB: Record successful boot for GRUB...
         Starting Discard unused blocks...
         Starting Login Service...
[[0;32m  OK  [0m] Started Regular background program processing daemon.
         Starting MySQL Community Server...
[[0;32m  OK  [0m] Started Deferred execution scheduler.
[[0;32m  OK  [0m] Started FUSE filesystem for LXC.
         Starting Accounts Service...
         Starting Permit User Sessions...
         Starting LSB: automatic crash report generation...
         Starting LXD - container startup/shutdown...
         Starting Virtualbox guest utils...
         Starting OpenBSD Secure Shell server...
         Starting System Logging Service...
[[0;32m  OK  [0m] Started irqbalance daemon.
         Starting Message of the Day...
         Starting Snappy daemon...
         Starting containerd container runtime...
[[0;32m  OK  [0m] Started Availability of block devices.
[[0;32m  OK  [0m] Started Discard unused blocks.
[[0;32m  OK  [0m] Started Permit User Sessions.
[[0;32m  OK  [0m] Started Login Service.
[[0;32m  OK  [0m] Started containerd container runtime.
         Starting Docker Application Container Engine...
         Starting Authorization Manager...
[[0;32m  OK  [0m] Started Unattended Upgrades Shutdown.
         Starting Hold until boot process finishes up...
         Starting Terminate Plymouth Boot Screen...
[[0;32m  OK  [0m] Started Hold until boot process finishes up.
[[0;32m  OK  [0m] Started Serial Getty on ttyS0.
         Starting Set console scheme...
[[0;32m  OK  [0m] Started Terminate Plymouth Boot Screen.
[[0;32m  OK  [0m] Started Dispatcher daemon for systemd-networkd.
[[0;32m  OK  [0m] Started LSB: automatic crash report generation.
[[0;32m  OK  [0m] Started LSB: Record successful boot for GRUB.
[[0;32m  OK  [0m] Started System Logging Service.
[[0;32m  OK  [0m] Started LSB: Linux init script for swapspace.
[[0;32m  OK  [0m] Started Set console scheme.
[[0;32m  OK  [0m] Created slice system-getty.slice.
[[0;32m  OK  [0m] Started Getty on tty1.
[[0;32m  OK  [0m] Reached target Login Prompts.
[[0;32m  OK  [0m] Started Authorization Manager.
[[0;32m  OK  [0m] Started Accounts Service.
[[0;32m  OK  [0m] Started OpenBSD Secure Shell server.
[[0;32m  OK  [0m] Started Virtualbox guest utils.
[[0;32m  OK  [0m] Created slice User Slice of vagrant.

Ubuntu 18.04.4 LTS ubuntu-bionic ttyS0

ubuntu-bionic login: [   27.785174] cloud-init[1396]: Cloud-init v. 19.4-33-gbb4131a2-0ubuntu1~18.04.1 running 'modules:config' at Mon, 03 Aug 2020 13:53:20 +0000. Up 27.51 seconds.
[   40.351939] cloud-init[2303]: Cloud-init v. 19.4-33-gbb4131a2-0ubuntu1~18.04.1 running 'modules:final' at Mon, 03 Aug 2020 13:53:32 +0000. Up 40.21 seconds.
[   40.352925] cloud-init[2303]: Cloud-init v. 19.4-33-gbb4131a2-0ubuntu1~18.04.1 finished at Mon, 03 Aug 2020 13:53:32 +0000. Datasource DataSourceNoCloud [seed=/dev/sdb][dsmode=net].  Up 40.34 seconds
         Starting Load AppArmor profiles managed internally by snapd...
         Starting Socket activation for snappy daemon.
[[0;32m  OK  [0m] Listening on Socket activation for snappy daemon.
         Starting Wait until snapd is fully seeded...
         Starting Snap Daemon...
[[0;32m  OK  [0m] Started Load AppArmor profiles managed internally by snapd.
[[0;32m  OK  [0m] Started Snap Daemon.
[[0;32m  OK  [0m] Started Wait until snapd is fully seeded.
[[0;32m  OK  [0m] Stopped target Sockets.
         Stopping Sockets.
[[0;32m  OK  [0m] Reached target Sockets.
         Stopping MySQL Community Server...
[[0;32m  OK  [0m] Stopped MySQL Community Server.
         Starting MySQL Community Server...
[[0;32m  OK  [0m] Started MySQL Community Server.
[[0;32m  OK  [0m] Started Daily apt upgrade and clean activities.
